I0318 06:34:41.626504       1 server.go:121] Version: v1.9.4
I0318 06:34:41.842267       1 feature_gate.go:190] feature gates: map[Initializers:true]
I0318 06:34:41.842296       1 initialization.go:90] enabled Initializers feature as part of admission plugin setup
I0318 06:34:41.845841       1 master.go:225] Using reconciler: master-count
W0318 06:34:41.895918       1 genericapiserver.go:342] Skipping API batch/v2alpha1 because it has no resources.
W0318 06:34:41.907225       1 genericapiserver.go:342] Skipping API rbac.authorization.k8s.io/v1alpha1 because it has no resources.
W0318 06:34:41.908270       1 genericapiserver.go:342] Skipping API storage.k8s.io/v1alpha1 because it has no resources.
W0318 06:34:41.920266       1 genericapiserver.go:342] Skipping API admissionregistration.k8s.io/v1alpha1 because it has no resources.
[restful] 2018/03/18 06:34:41 log.go:33: [restful/swagger] listing is available at https://192.168.5.111:6443/swaggerapi
[restful] 2018/03/18 06:34:41 log.go:33: [restful/swagger] https://192.168.5.111:6443/swaggerui/ is mapped to folder /swagger-ui/
[restful] 2018/03/18 06:34:43 log.go:33: [restful/swagger] listing is available at https://192.168.5.111:6443/swaggerapi
[restful] 2018/03/18 06:34:43 log.go:33: [restful/swagger] https://192.168.5.111:6443/swaggerui/ is mapped to folder /swagger-ui/
I0318 06:34:47.062262       1 serve.go:89] Serving securely on [::]:6443
I0318 06:34:47.062322       1 controller.go:84] Starting OpenAPI AggregationController
I0318 06:34:47.062352       1 crdregistration_controller.go:110] Starting crd-autoregister controller
I0318 06:34:47.062372       1 crd_finalizer.go:242] Starting CRDFinalizer
I0318 06:34:47.062381       1 controller_utils.go:1019] Waiting for caches to sync for crd-autoregister controller
I0318 06:34:47.063220       1 apiservice_controller.go:112] Starting APIServiceRegistrationController
I0318 06:34:47.063238       1 cache.go:32] Waiting for caches to sync for APIServiceRegistrationController controller
I0318 06:34:47.063271       1 customresource_discovery_controller.go:152] Starting DiscoveryController
I0318 06:34:47.063312       1 naming_controller.go:274] Starting NamingConditionController
I0318 06:34:47.075501       1 available_controller.go:262] Starting AvailableConditionController
I0318 06:34:47.075528       1 cache.go:32] Waiting for caches to sync for AvailableConditionController controller
I0318 06:35:02.332121       1 trace.go:76] Trace[1971594116]: "Create /api/v1/namespaces/default/events" (started: 2018-03-18 06:34:48.329812547 +0000 UTC m=+6.827871022) (total time: 14.002211376s):
Trace[1971594116]: [14.002211376s] [14.002048786s] END
I0318 06:35:12.336122       1 trace.go:76] Trace[1251046254]: "Create /api/v1/namespaces/default/events" (started: 2018-03-18 06:35:02.335540272 +0000 UTC m=+20.833598750) (total time: 10.000520177s):
Trace[1251046254]: [10.000520177s] [10.000401938s] END
I0318 06:35:21.126321       1 trace.go:76] Trace[285257398]: "Create /api/v1/nodes" (started: 2018-03-18 06:34:47.124482042 +0000 UTC m=+5.622540503) (total time: 34.001761345s):
Trace[285257398]: [4.001006046s] [4.000819672s] About to store object in database
Trace[285257398]: [34.001761345s] [30.000755299s] END
I0318 06:35:22.339384       1 trace.go:76] Trace[1565461691]: "Create /api/v1/namespaces/default/events" (started: 2018-03-18 06:35:12.338732986 +0000 UTC m=+30.836791457) (total time: 10.000570346s):
Trace[1565461691]: [10.000570346s] [10.000472367s] END
I0318 06:35:32.343596       1 trace.go:76] Trace[318877063]: "Create /api/v1/namespaces/default/events" (started: 2018-03-18 06:35:22.342839978 +0000 UTC m=+40.840898456) (total time: 10.000673856s):
Trace[318877063]: [10.000673856s] [10.000583827s] END
I0318 06:35:42.347303       1 trace.go:76] Trace[557901426]: "Create /api/v1/namespaces/default/events" (started: 2018-03-18 06:35:32.346644312 +0000 UTC m=+50.844702793) (total time: 10.000597123s):
Trace[557901426]: [10.000597123s] [10.000471088s] END
E0318 06:35:47.131963       1 reflector.go:205] k8s.io/kubernetes/vendor/k8s.io/client-go/informers/factory.go:86: Failed to list *v1.Endpoints: the server was unable to return a response in the time allotted, but may still be processing the request (get endpoints)
E0318 06:35:47.132201       1 reflector.go:205] k8s.io/kubernetes/pkg/client/informers/informers_generated/internalversion/factory.go:85: Failed to list *rbac.ClusterRoleBinding: the server was unable to return a response in the time allotted, but may still be processing the request (get clusterrolebindings.rbac.authorization.k8s.io)
E0318 06:35:47.141030       1 reflector.go:205] k8s.io/kubernetes/vendor/k8s.io/kube-aggregator/pkg/client/informers/internalversion/factory.go:73: Failed to list *apiregistration.APIService: the server was unable to return a response in the time allotted, but may still be processing the request (get apiservices.apiregistration.k8s.io)
E0318 06:35:47.141212       1 reflector.go:205] k8s.io/kubernetes/pkg/client/informers/informers_generated/internalversion/factory.go:85: Failed to list *rbac.Role: the server was unable to return a response in the time allotted, but may still be processing the request (get roles.rbac.authorization.k8s.io)
E0318 06:35:47.141342       1 reflector.go:205] k8s.io/kubernetes/pkg/client/informers/informers_generated/internalversion/factory.go:85: Failed to list *core.PersistentVolume: the server was unable to return a response in the time allotted, but may still be processing the request (get persistentvolumes)
E0318 06:35:47.151447       1 reflector.go:205] k8s.io/kubernetes/vendor/k8s.io/apiextensions-apiserver/pkg/client/informers/internalversion/factory.go:73: Failed to list *apiextensions.CustomResourceDefinition: the server was unable to return a response in the time allotted, but may still be processing the request (get customresourcedefinitions.apiextensions.k8s.io)
E0318 06:35:47.152247       1 reflector.go:205] k8s.io/kubernetes/pkg/client/informers/informers_generated/internalversion/factory.go:85: Failed to list *rbac.RoleBinding: the server was unable to return a response in the time allotted, but may still be processing the request (get rolebindings.rbac.authorization.k8s.io)
E0318 06:35:47.153074       1 reflector.go:205] k8s.io/kubernetes/vendor/k8s.io/client-go/informers/factory.go:86: Failed to list *v1.Service: the server was unable to return a response in the time allotted, but may still be processing the request (get services)
E0318 06:35:47.154152       1 reflector.go:205] k8s.io/kubernetes/vendor/k8s.io/client-go/informers/factory.go:86: Failed to list *v1.Namespace: the server was unable to return a response in the time allotted, but may still be processing the request (get namespaces)
E0318 06:35:47.173791       1 reflector.go:205] k8s.io/kubernetes/pkg/client/informers/informers_generated/internalversion/factory.go:85: Failed to list *core.Pod: the server was unable to return a response in the time allotted, but may still be processing the request (get pods)
E0318 06:35:47.173869       1 reflector.go:205] k8s.io/kubernetes/pkg/client/informers/informers_generated/internalversion/factory.go:85: Failed to list *storage.StorageClass: the server was unable to return a response in the time allotted, but may still be processing the request (get storageclasses.storage.k8s.io)
E0318 06:35:47.173918       1 reflector.go:205] k8s.io/kubernetes/pkg/client/informers/informers_generated/internalversion/factory.go:85: Failed to list *core.ServiceAccount: the server was unable to return a response in the time allotted, but may still be processing the request (get serviceaccounts)
E0318 06:35:47.173971       1 reflector.go:205] k8s.io/kubernetes/pkg/client/informers/informers_generated/internalversion/factory.go:85: Failed to list *core.LimitRange: the server was unable to return a response in the time allotted, but may still be processing the request (get limitranges)
E0318 06:35:47.174407       1 reflector.go:205] k8s.io/kubernetes/pkg/client/informers/informers_generated/internalversion/factory.go:85: Failed to list *core.ResourceQuota: the server was unable to return a response in the time allotted, but may still be processing the request (get resourcequotas)
E0318 06:35:47.175550       1 reflector.go:205] k8s.io/kubernetes/pkg/client/informers/informers_generated/internalversion/factory.go:85: Failed to list *core.Secret: the server was unable to return a response in the time allotted, but may still be processing the request (get secrets)
E0318 06:35:47.182136       1 reflector.go:205] k8s.io/kubernetes/pkg/client/informers/informers_generated/internalversion/factory.go:85: Failed to list *rbac.ClusterRole: the server was unable to return a response in the time allotted, but may still be processing the request (get clusterroles.rbac.authorization.k8s.io)
E0318 06:35:48.065646       1 storage_rbac.go:175] unable to initialize clusterroles: the server was unable to return a response in the time allotted, but may still be processing the request (get clusterroles.rbac.authorization.k8s.io)
I0318 06:35:58.136225       1 trace.go:76] Trace[1433287423]: "Create /api/v1/nodes" (started: 2018-03-18 06:35:28.13467918 +0000 UTC m=+46.632737651) (total time: 30.001460465s):
Trace[1433287423]: [30.001460465s] [30.000727066s] END
E0318 06:36:07.721972       1 cache.go:35] Unable to sync caches for AvailableConditionController controller
E0318 06:36:07.722019       1 controller_utils.go:1022] Unable to sync caches for crd-autoregister controller
I0318 06:36:07.722021       1 available_controller.go:266] Shutting down AvailableConditionController
E0318 06:36:07.722107       1 cache.go:35] Unable to sync caches for APIServiceRegistrationController controller
E0318 06:36:07.722153       1 customresource_discovery_controller.go:155] timed out waiting for caches to sync
I0318 06:36:07.722172       1 naming_controller.go:278] Shutting down NamingConditionController
I0318 06:36:07.722192       1 crd_finalizer.go:246] Shutting down CRDFinalizer
I0318 06:36:07.722263       1 controller.go:90] Shutting down OpenAPI AggregationController
I0318 06:36:07.722400       1 serve.go:129] Stopped listening on [::]:6443
I0318 06:36:07.723079       1 crdregistration_controller.go:115] Shutting down crd-autoregister controller
I0318 06:36:07.724183       1 apiservice_controller.go:116] Shutting down APIServiceRegistrationController
I0318 06:36:07.725252       1 customresource_discovery_controller.go:156] Shutting down DiscoveryController
I0318 06:36:18.067778       1 trace.go:76] Trace[1070901353]: "Create /api/v1/namespaces" (started: 2018-03-18 06:35:48.066757593 +0000 UTC m=+66.564816064) (total time: 30.000969611s):
Trace[1070901353]: [30.000969611s] [30.000681836s] END
E0318 06:36:18.068684       1 client_ca_hook.go:78] Timeout: request did not complete within allowed duration
E0318 06:36:18.069680       1 client_ca_hook.go:78] Post https://127.0.0.1:6443/api/v1/namespaces: dial tcp 127.0.0.1:6443: getsockopt: connection refused
F0318 06:36:18.069736       1 hooks.go:188] PostStartHook "ca-registration" failed: unable to initialize client CA configmap: timed out waiting for the condition

